<?xml version="1.0" encoding="UTF-8"?>
<!-- Generated by org.testng.reporters.JUnitReportReporter -->
<testsuite skipped="0" hostname="Bruno-Notebook" name="tests.Cross" tests="2" failures="0" timestamp="18 ago 2019 06:28:05 GMT" time="29.232" errors="0">
  <testcase name="testParameterWithXML" time="10.575" classname="tests.Cross"/>
  <testcase name="testParameterWithXML" time="18.657" classname="tests.Cross"/>
</testsuite> <!-- tests.Cross -->
