<?xml version="1.0" encoding="UTF-8"?>
<!-- Generated by org.testng.reporters.JUnitReportReporter -->
<testsuite skipped="0" hostname="Bruno-Notebook" name="tests.Aula5" tests="2" failures="0" timestamp="13 ago 2019 18:21:27 GMT" time="13.050" errors="0">
  <testcase name="Test_Title" time="0.016" classname="tests.Aula5"/>
  <testcase name="registerTest" time="13.034" classname="tests.Aula5"/>
</testsuite> <!-- tests.Aula5 -->
